2023-11-27 19:51:09.265383184 INFO prov_tracer - open64,524288,3,"/nix/store/ffll6glz3gwx342z0ch8wx30p5cnqz1z-python3-3.11.5/lib/python3.11/encodings/__pycache__/__init__.cpython-311.pyc"
2023-11-27 19:51:09.26546831 INFO prov_tracer - close,3,0
2023-11-27 19:51:09.265531194 INFO prov_tracer - open64,524288,3,"/nix/store/ffll6glz3gwx342z0ch8wx30p5cnqz1z-python3-3.11.5/lib/python3.11/encodings/__init__.py"
2023-11-27 19:51:09.265566125 INFO prov_tracer - close,3,0
2023-11-27 19:51:09.266548971 INFO prov_tracer - open64,524288,3,"/nix/store/ffll6glz3gwx342z0ch8wx30p5cnqz1z-python3-3.11.5/lib/python3.11/encodings/__pycache__/aliases.cpython-311.pyc"
2023-11-27 19:51:09.266624203 INFO prov_tracer - close,3,0
2023-11-27 19:51:09.266653415 INFO prov_tracer - open64,524288,3,"/nix/store/ffll6glz3gwx342z0ch8wx30p5cnqz1z-python3-3.11.5/lib/python3.11/encodings/aliases.py"
2023-11-27 19:51:09.266685525 INFO prov_tracer - close,3,0
2023-11-27 19:51:09.267071359 INFO prov_tracer - open64,524288,3,"/nix/store/ffll6glz3gwx342z0ch8wx30p5cnqz1z-python3-3.11.5/lib/python3.11/encodings/__pycache__/utf_8.cpython-311.pyc"
2023-11-27 19:51:09.267123101 INFO prov_tracer - close,3,0
2023-11-27 19:51:09.267166502 INFO prov_tracer - open64,524288,3,"/nix/store/ffll6glz3gwx342z0ch8wx30p5cnqz1z-python3-3.11.5/lib/python3.11/encodings/utf_8.py"
2023-11-27 19:51:09.267183324 INFO prov_tracer - close,3,0
2023-11-27 19:51:09.270246212 INFO prov_tracer - open64,524288,3,"/nix/store/ffll6glz3gwx342z0ch8wx30p5cnqz1z-python3-3.11.5/lib/python3.11/site-packages/__pycache__/sitecustomize.cpython-311.pyc"
2023-11-27 19:51:09.270315017 INFO prov_tracer - close,3,0
2023-11-27 19:51:09.270341158 INFO prov_tracer - open64,524288,3,"/nix/store/ffll6glz3gwx342z0ch8wx30p5cnqz1z-python3-3.11.5/lib/python3.11/site-packages/sitecustomize.py"
2023-11-27 19:51:09.270363661 INFO prov_tracer - close,3,0
2023-11-27 19:51:09.270530987 INFO prov_tracer - open64,524288,3,"/nix/store/ffll6glz3gwx342z0ch8wx30p5cnqz1z-python3-3.11.5/lib/python3.11/__pycache__/functools.cpython-311.pyc"
2023-11-27 19:51:09.270605556 INFO prov_tracer - close,3,0
2023-11-27 19:51:09.270642681 INFO prov_tracer - open64,524288,3,"/nix/store/ffll6glz3gwx342z0ch8wx30p5cnqz1z-python3-3.11.5/lib/python3.11/functools.py"
2023-11-27 19:51:09.270679471 INFO prov_tracer - close,3,0
2023-11-27 19:51:09.271180638 INFO prov_tracer - open64,524288,3,"/nix/store/ffll6glz3gwx342z0ch8wx30p5cnqz1z-python3-3.11.5/lib/python3.11/collections/__pycache__/__init__.cpython-311.pyc"
2023-11-27 19:51:09.271242366 INFO prov_tracer - close,3,0
2023-11-27 19:51:09.271280496 INFO prov_tracer - open64,524288,3,"/nix/store/ffll6glz3gwx342z0ch8wx30p5cnqz1z-python3-3.11.5/lib/python3.11/collections/__init__.py"
2023-11-27 19:51:09.27132817 INFO prov_tracer - close,3,0
2023-11-27 19:51:09.271899815 INFO prov_tracer - open64,524288,3,"/nix/store/ffll6glz3gwx342z0ch8wx30p5cnqz1z-python3-3.11.5/lib/python3.11/__pycache__/keyword.cpython-311.pyc"
2023-11-27 19:51:09.272031289 INFO prov_tracer - close,3,0
2023-11-27 19:51:09.272058127 INFO prov_tracer - open64,524288,3,"/nix/store/ffll6glz3gwx342z0ch8wx30p5cnqz1z-python3-3.11.5/lib/python3.11/keyword.py"
2023-11-27 19:51:09.272076768 INFO prov_tracer - close,3,0
2023-11-27 19:51:09.272239904 INFO prov_tracer - open64,524288,3,"/nix/store/ffll6glz3gwx342z0ch8wx30p5cnqz1z-python3-3.11.5/lib/python3.11/__pycache__/operator.cpython-311.pyc"
2023-11-27 19:51:09.272289038 INFO prov_tracer - close,3,0
2023-11-27 19:51:09.272312673 INFO prov_tracer - open64,524288,3,"/nix/store/ffll6glz3gwx342z0ch8wx30p5cnqz1z-python3-3.11.5/lib/python3.11/operator.py"
2023-11-27 19:51:09.272330757 INFO prov_tracer - close,3,0
2023-11-27 19:51:09.272771657 INFO prov_tracer - open64,524288,3,"/nix/store/ffll6glz3gwx342z0ch8wx30p5cnqz1z-python3-3.11.5/lib/python3.11/__pycache__/reprlib.cpython-311.pyc"
2023-11-27 19:51:09.272850691 INFO prov_tracer - close,3,0
2023-11-27 19:51:09.272874945 INFO prov_tracer - open64,524288,3,"/nix/store/ffll6glz3gwx342z0ch8wx30p5cnqz1z-python3-3.11.5/lib/python3.11/reprlib.py"
2023-11-27 19:51:09.272893238 INFO prov_tracer - close,3,0
2023-11-27 19:51:09.273648335 INFO prov_tracer - open64,524288,3,"/nix/store/ffll6glz3gwx342z0ch8wx30p5cnqz1z-python3-3.11.5/lib/python3.11/__pycache__/types.cpython-311.pyc"
2023-11-27 19:51:09.273720224 INFO prov_tracer - close,3,0
2023-11-27 19:51:09.273740825 INFO prov_tracer - open64,524288,3,"/nix/store/ffll6glz3gwx342z0ch8wx30p5cnqz1z-python3-3.11.5/lib/python3.11/types.py"
2023-11-27 19:51:09.273758939 INFO prov_tracer - close,3,0
